c:\users\hongngoc\documents\esiee\e5\opengl\myproj\debug\myproj.pch
c:\users\hongngoc\documents\esiee\e5\opengl\myproj\debug\vc120.pdb
c:\users\hongngoc\documents\esiee\e5\opengl\myproj\debug\vc120.idb
c:\users\hongngoc\documents\esiee\e5\opengl\myproj\debug\stdafx.obj
c:\users\hongngoc\documents\esiee\e5\opengl\myproj\debug\main.obj
c:\users\hongngoc\documents\esiee\e5\opengl\myproj\debug\myproj.obj
c:\users\hongngoc\documents\esiee\e5\opengl\myproj\debug\mytexture.obj
c:\users\hongngoc\documents\esiee\e5\opengl\myproj\debug\point3d.obj
c:\users\hongngoc\documents\esiee\e5\opengl\myproj\debug\shaders.obj
c:\users\hongngoc\documents\esiee\e5\opengl\myproj\debug\vector3d.obj
c:\users\hongngoc\documents\esiee\e5\opengl\debug\myproj.pdb
c:\users\hongngoc\documents\esiee\e5\opengl\myproj\debug\myproj.tlog\cl.command.1.tlog
c:\users\hongngoc\documents\esiee\e5\opengl\myproj\debug\myproj.tlog\cl.read.1.tlog
c:\users\hongngoc\documents\esiee\e5\opengl\myproj\debug\myproj.tlog\cl.write.1.tlog
c:\users\hongngoc\documents\esiee\e5\opengl\myproj\debug\myproj.tlog\link.5384-cvtres.read.1.tlog
c:\users\hongngoc\documents\esiee\e5\opengl\myproj\debug\myproj.tlog\link.5384-cvtres.write.1.tlog
c:\users\hongngoc\documents\esiee\e5\opengl\myproj\debug\myproj.tlog\link.5384-rc.read.1.tlog
c:\users\hongngoc\documents\esiee\e5\opengl\myproj\debug\myproj.tlog\link.5384-rc.write.1.tlog
c:\users\hongngoc\documents\esiee\e5\opengl\myproj\debug\myproj.tlog\link.5384.read.1.tlog
c:\users\hongngoc\documents\esiee\e5\opengl\myproj\debug\myproj.tlog\link.5384.write.1.tlog
c:\users\hongngoc\documents\esiee\e5\opengl\myproj\debug\myproj.tlog\link.command.1.tlog
c:\users\hongngoc\documents\esiee\e5\opengl\myproj\debug\myproj.tlog\link.read.1.tlog
c:\users\hongngoc\documents\esiee\e5\opengl\myproj\debug\myproj.tlog\link.write.1.tlog
