C:\USERS\NABIL\DROPBOX\ESIEE - IN5I11\MYCODE\TP1\MYPROJ\RELEASE\MAIN.OBJ
C:\USERS\NABIL\DROPBOX\ESIEE - IN5I11\MYCODE\TP1\MYPROJ\RELEASE\MYPROJ.EXE.INTERMEDIATE.MANIFEST
C:\USERS\NABIL\DROPBOX\ESIEE - IN5I11\MYCODE\TP1\MYPROJ\RELEASE\MYPROJ.OBJ
C:\USERS\NABIL\DROPBOX\ESIEE - IN5I11\MYCODE\TP1\MYPROJ\RELEASE\MYPROJ.PCH
C:\USERS\NABIL\DROPBOX\ESIEE - IN5I11\MYCODE\TP1\MYPROJ\RELEASE\MYTEXTURE.OBJ
C:\USERS\NABIL\DROPBOX\ESIEE - IN5I11\MYCODE\TP1\MYPROJ\RELEASE\POINT3D.OBJ
C:\USERS\NABIL\DROPBOX\ESIEE - IN5I11\MYCODE\TP1\MYPROJ\RELEASE\SHADERS.OBJ
C:\USERS\NABIL\DROPBOX\ESIEE - IN5I11\MYCODE\TP1\MYPROJ\RELEASE\STDAFX.OBJ
C:\USERS\NABIL\DROPBOX\ESIEE - IN5I11\MYCODE\TP1\MYPROJ\RELEASE\VC100.PDB
C:\USERS\NABIL\DROPBOX\ESIEE - IN5I11\MYCODE\TP1\MYPROJ\RELEASE\VECTOR3D.OBJ
C:\USERS\NABIL\DROPBOX\ESIEE - IN5I11\MYCODE\TP1\RELEASE\MYPROJ.EXE
C:\USERS\NABIL\DROPBOX\ESIEE - IN5I11\MYCODE\TP1\RELEASE\MYPROJ.PDB
C:\USERS\NABIL\DROPBOX\ESIEE - IN5I11\MYCODE\TP2\MYPROJ\RELEASE\MAIN.OBJ
C:\USERS\NABIL\DROPBOX\ESIEE - IN5I11\MYCODE\TP2\MYPROJ\RELEASE\MYPROJ.EXE.INTERMEDIATE.MANIFEST
C:\USERS\NABIL\DROPBOX\ESIEE - IN5I11\MYCODE\TP2\MYPROJ\RELEASE\MYPROJ.OBJ
C:\USERS\NABIL\DROPBOX\ESIEE - IN5I11\MYCODE\TP2\MYPROJ\RELEASE\MYPROJ.PCH
C:\USERS\NABIL\DROPBOX\ESIEE - IN5I11\MYCODE\TP2\MYPROJ\RELEASE\POINT3D.OBJ
C:\USERS\NABIL\DROPBOX\ESIEE - IN5I11\MYCODE\TP2\MYPROJ\RELEASE\SHADERS.OBJ
C:\USERS\NABIL\DROPBOX\ESIEE - IN5I11\MYCODE\TP2\MYPROJ\RELEASE\STDAFX.OBJ
C:\USERS\NABIL\DROPBOX\ESIEE - IN5I11\MYCODE\TP2\MYPROJ\RELEASE\VC100.PDB
C:\USERS\NABIL\DROPBOX\ESIEE - IN5I11\MYCODE\TP2\MYPROJ\RELEASE\VECTOR3D.OBJ
C:\USERS\NABIL\DROPBOX\ESIEE - IN5I11\MYCODE\TP2\RELEASE\MYPROJ.EXE
C:\USERS\NABIL\DROPBOX\ESIEE - IN5I11\MYCODE\TP2\RELEASE\MYPROJ.PDB
C:\Users\nabil\Dropbox\ESIEE - IN5I11\mycode\TP3\myproj\Release\cl.command.1.tlog
C:\Users\nabil\Dropbox\ESIEE - IN5I11\mycode\TP3\myproj\Release\CL.read.1.tlog
C:\Users\nabil\Dropbox\ESIEE - IN5I11\mycode\TP3\myproj\Release\CL.write.1.tlog
C:\Users\nabil\Dropbox\ESIEE - IN5I11\mycode\TP3\myproj\Release\link.command.1.tlog
C:\Users\nabil\Dropbox\ESIEE - IN5I11\mycode\TP3\myproj\Release\link.read.1.tlog
C:\Users\nabil\Dropbox\ESIEE - IN5I11\mycode\TP3\myproj\Release\link.write.1.tlog
C:\USERS\NABIL\DROPBOX\ESIEE - IN5I11\MYCODE\TP3\MYPROJ\RELEASE\MAIN.OBJ
C:\Users\nabil\Dropbox\ESIEE - IN5I11\mycode\TP3\myproj\Release\mt.command.1.tlog
C:\Users\nabil\Dropbox\ESIEE - IN5I11\mycode\TP3\myproj\Release\mt.read.1.tlog
C:\Users\nabil\Dropbox\ESIEE - IN5I11\mycode\TP3\myproj\Release\mt.write.1.tlog
C:\USERS\NABIL\DROPBOX\ESIEE - IN5I11\MYCODE\TP3\MYPROJ\RELEASE\MYPROJ.EXE.INTERMEDIATE.MANIFEST
C:\USERS\NABIL\DROPBOX\ESIEE - IN5I11\MYCODE\TP3\MYPROJ\RELEASE\MYPROJ.OBJ
C:\USERS\NABIL\DROPBOX\ESIEE - IN5I11\MYCODE\TP3\MYPROJ\RELEASE\MYPROJ.PCH
C:\Users\nabil\Dropbox\ESIEE - IN5I11\mycode\TP3\myproj\Release\myproj.vcxprojResolveAssemblyReference.cache
C:\Users\nabil\Dropbox\ESIEE - IN5I11\mycode\TP3\myproj\Release\myproj.write.1.tlog
C:\Users\nabil\Dropbox\ESIEE - IN5I11\mycode\TP3\myproj\Release\myTexture.obj
C:\USERS\NABIL\DROPBOX\ESIEE - IN5I11\MYCODE\TP3\MYPROJ\RELEASE\POINT3D.OBJ
C:\USERS\NABIL\DROPBOX\ESIEE - IN5I11\MYCODE\TP3\MYPROJ\RELEASE\SHADERS.OBJ
C:\USERS\NABIL\DROPBOX\ESIEE - IN5I11\MYCODE\TP3\MYPROJ\RELEASE\STDAFX.OBJ
C:\USERS\NABIL\DROPBOX\ESIEE - IN5I11\MYCODE\TP3\MYPROJ\RELEASE\VC100.PDB
C:\USERS\NABIL\DROPBOX\ESIEE - IN5I11\MYCODE\TP3\MYPROJ\RELEASE\VECTOR3D.OBJ
C:\USERS\NABIL\DROPBOX\ESIEE - IN5I11\MYCODE\TP3\RELEASE\MYPROJ.EXE
C:\USERS\NABIL\DROPBOX\ESIEE - IN5I11\MYCODE\TP3\RELEASE\MYPROJ.PDB
